2024-11-13 22:30:55 [main] INFO  com.pizza.patrones.PizzaPatronApplication - Starting PizzaPatronApplication using Java 21 with PID 10908 (C:\Diplomado Microservicios NUR\Modulo 1 - Arquitectura de Software\Clase2_TrabajoPizza\pizza-patrones\target\classes started by Marco in C:\Diplomado Microservicios NUR\Modulo 1 - Arquitectura de Software\Clase2_TrabajoPizza\pizza-patrones)
2024-11-13 22:30:55 [main] INFO  com.pizza.patrones.PizzaPatronApplication - No active profile set, falling back to 1 default profile: "default"
2024-11-13 22:30:57 [main] INFO  org.springframework.data.repository.config.RepositoryConfigurationDelegate - Bootstrapping Spring Data JPA repositories in DEFAULT mode.
2024-11-13 22:30:57 [main] INFO  org.springframework.data.repository.config.RepositoryConfigurationDelegate - Finished Spring Data repository scanning in 81 ms. Found 2 JPA repository interfaces.
2024-11-13 22:30:58 [main] INFO  org.springframework.boot.web.embedded.tomcat.TomcatWebServer - Tomcat initialized with port 8099 (http)
2024-11-13 22:30:58 [main] INFO  org.apache.coyote.http11.Http11NioProtocol - Initializing ProtocolHandler ["http-nio-8099"]
2024-11-13 22:30:58 [main] INFO  org.apache.catalina.core.StandardService - Starting service [Tomcat]
2024-11-13 22:30:58 [main] INFO  org.apache.catalina.core.StandardEngine - Starting Servlet engine: [Apache Tomcat/10.1.30]
2024-11-13 22:30:58 [main] INFO  org.apache.catalina.core.ContainerBase.[Tomcat].[localhost].[/] - Initializing Spring embedded WebApplicationContext
2024-11-13 22:30:58 [main] INFO  org.springframework.boot.web.servlet.context.ServletWebServerApplicationContext - Root WebApplicationContext: initialization completed in 2168 ms
2024-11-13 22:30:58 [main] INFO  com.zaxxer.hikari.HikariDataSource - HikariPool-1 - Starting...
2024-11-13 22:30:58 [main] INFO  com.zaxxer.hikari.pool.HikariPool - HikariPool-1 - Added connection conn0: url=jdbc:h2:mem:solidlogindb user=ROOT
2024-11-13 22:30:58 [main] INFO  com.zaxxer.hikari.HikariDataSource - HikariPool-1 - Start completed.
2024-11-13 22:30:58 [main] INFO  org.springframework.boot.autoconfigure.h2.H2ConsoleAutoConfiguration - H2 console available at '/h2-console'. Database available at 'jdbc:h2:mem:solidlogindb'
2024-11-13 22:30:58 [main] INFO  org.hibernate.jpa.internal.util.LogHelper - HHH000204: Processing PersistenceUnitInfo [name: default]
2024-11-13 22:30:58 [main] INFO  org.hibernate.Version - HHH000412: Hibernate ORM core version 6.5.3.Final
2024-11-13 22:30:59 [main] INFO  org.hibernate.cache.internal.RegionFactoryInitiator - HHH000026: Second-level cache disabled
2024-11-13 22:30:59 [main] INFO  org.springframework.orm.jpa.persistenceunit.SpringPersistenceUnitInfo - No LoadTimeWeaver setup: ignoring JPA class transformer
2024-11-13 22:30:59 [main] WARN  org.hibernate.orm.deprecation - HHH90000025: H2Dialect does not need to be specified explicitly using 'hibernate.dialect' (remove the property setting and it will be selected by default)
2024-11-13 22:31:00 [main] INFO  org.hibernate.engine.transaction.jta.platform.internal.JtaPlatformInitiator - HHH000489: No JTA platform available (set 'hibernate.transaction.jta.platform' to enable JTA platform integration)
2024-11-13 22:31:00 [main] INFO  org.springframework.orm.jpa.LocalContainerEntityManagerFactoryBean - Initialized JPA EntityManagerFactory for persistence unit 'default'
2024-11-13 22:31:00 [main] INFO  org.springframework.data.jpa.repository.query.QueryEnhancerFactory - Hibernate is in classpath; If applicable, HQL parser will be used.
2024-11-13 22:31:01 [main] INFO  com.pizza.patrones.service.logger.LoggerManager - Cambiando el tipo de logger despues: class com.pizza.patrones.service.logger.LoogerLog4jImpl
2024-11-13 22:31:01 [main] INFO  com.pizza.patrones.service.cifrado.CifradoManager - Cambiando el tipo de cifrado antes: null
2024-11-13 22:31:01 [main] INFO  com.pizza.patrones.service.cifrado.CifradoManager - Cambiando el tipo de cifrado despues: class com.pizza.patrones.service.cifrado.CifrarBase64Impl
2024-11-13 22:31:01 [main] WARN  org.springframework.boot.autoconfigure.orm.jpa.JpaBaseConfiguration$JpaWebConfiguration - spring.jpa.open-in-view is enabled by default. Therefore, database queries may be performed during view rendering. Explicitly configure spring.jpa.open-in-view to disable this warning
2024-11-13 22:31:02 [main] INFO  org.apache.coyote.http11.Http11NioProtocol - Starting ProtocolHandler ["http-nio-8099"]
2024-11-13 22:31:02 [main] INFO  org.springframework.boot.web.embedded.tomcat.TomcatWebServer - Tomcat started on port 8099 (http) with context path '/'
2024-11-13 22:31:02 [main] INFO  com.pizza.patrones.PizzaPatronApplication - Started PizzaPatronApplication in 6.704 seconds (process running for 10.747)
2024-11-13 22:36:56 [SpringApplicationShutdownHook] INFO  org.springframework.orm.jpa.LocalContainerEntityManagerFactoryBean - Closing JPA EntityManagerFactory for persistence unit 'default'
2024-11-13 22:36:56 [SpringApplicationShutdownHook] INFO  com.zaxxer.hikari.HikariDataSource - HikariPool-1 - Shutdown initiated...
2024-11-13 22:36:56 [SpringApplicationShutdownHook] INFO  com.zaxxer.hikari.HikariDataSource - HikariPool-1 - Shutdown completed.
2024-11-13 22:37:07 [main] INFO  com.pizza.patrones.PizzaPatronApplication - Starting PizzaPatronApplication using Java 21 with PID 9280 (C:\Diplomado Microservicios NUR\Modulo 1 - Arquitectura de Software\Clase2_TrabajoPizza\pizza-patrones\target\classes started by Marco in C:\Diplomado Microservicios NUR\Modulo 1 - Arquitectura de Software\Clase2_TrabajoPizza\pizza-patrones)
2024-11-13 22:37:07 [main] INFO  com.pizza.patrones.PizzaPatronApplication - No active profile set, falling back to 1 default profile: "default"
2024-11-13 22:37:08 [main] INFO  org.springframework.data.repository.config.RepositoryConfigurationDelegate - Bootstrapping Spring Data JPA repositories in DEFAULT mode.
2024-11-13 22:37:08 [main] INFO  org.springframework.data.repository.config.RepositoryConfigurationDelegate - Finished Spring Data repository scanning in 86 ms. Found 2 JPA repository interfaces.
2024-11-13 22:37:09 [main] INFO  org.springframework.boot.web.embedded.tomcat.TomcatWebServer - Tomcat initialized with port 8099 (http)
2024-11-13 22:37:09 [main] INFO  org.apache.coyote.http11.Http11NioProtocol - Initializing ProtocolHandler ["http-nio-8099"]
2024-11-13 22:37:09 [main] INFO  org.apache.catalina.core.StandardService - Starting service [Tomcat]
2024-11-13 22:37:09 [main] INFO  org.apache.catalina.core.StandardEngine - Starting Servlet engine: [Apache Tomcat/10.1.30]
2024-11-13 22:37:09 [main] INFO  org.apache.catalina.core.ContainerBase.[Tomcat].[localhost].[/] - Initializing Spring embedded WebApplicationContext
2024-11-13 22:37:09 [main] INFO  org.springframework.boot.web.servlet.context.ServletWebServerApplicationContext - Root WebApplicationContext: initialization completed in 1762 ms
2024-11-13 22:37:09 [main] INFO  com.zaxxer.hikari.HikariDataSource - HikariPool-1 - Starting...
2024-11-13 22:37:09 [main] INFO  com.zaxxer.hikari.pool.HikariPool - HikariPool-1 - Added connection conn0: url=jdbc:h2:mem:solidlogindb user=ROOT
2024-11-13 22:37:09 [main] INFO  com.zaxxer.hikari.HikariDataSource - HikariPool-1 - Start completed.
2024-11-13 22:37:10 [main] INFO  org.springframework.boot.autoconfigure.h2.H2ConsoleAutoConfiguration - H2 console available at '/h2-console'. Database available at 'jdbc:h2:mem:solidlogindb'
2024-11-13 22:37:10 [main] INFO  org.hibernate.jpa.internal.util.LogHelper - HHH000204: Processing PersistenceUnitInfo [name: default]
2024-11-13 22:37:10 [main] INFO  org.hibernate.Version - HHH000412: Hibernate ORM core version 6.5.3.Final
2024-11-13 22:37:10 [main] INFO  org.hibernate.cache.internal.RegionFactoryInitiator - HHH000026: Second-level cache disabled
2024-11-13 22:37:10 [main] INFO  org.springframework.orm.jpa.persistenceunit.SpringPersistenceUnitInfo - No LoadTimeWeaver setup: ignoring JPA class transformer
2024-11-13 22:37:11 [main] WARN  org.hibernate.orm.deprecation - HHH90000025: H2Dialect does not need to be specified explicitly using 'hibernate.dialect' (remove the property setting and it will be selected by default)
2024-11-13 22:37:11 [main] INFO  org.hibernate.engine.transaction.jta.platform.internal.JtaPlatformInitiator - HHH000489: No JTA platform available (set 'hibernate.transaction.jta.platform' to enable JTA platform integration)
2024-11-13 22:37:11 [main] INFO  org.springframework.orm.jpa.LocalContainerEntityManagerFactoryBean - Initialized JPA EntityManagerFactory for persistence unit 'default'
2024-11-13 22:37:12 [main] INFO  org.springframework.data.jpa.repository.query.QueryEnhancerFactory - Hibernate is in classpath; If applicable, HQL parser will be used.
2024-11-13 22:37:13 [main] INFO  com.pizza.patrones.service.logger.LoggerManager - Cambiando el tipo de logger despues: class com.pizza.patrones.service.logger.LoogerLog4jImpl
2024-11-13 22:37:13 [main] INFO  com.pizza.patrones.service.cifrado.CifradoManager - Cambiando el tipo de cifrado antes: null
2024-11-13 22:37:13 [main] INFO  com.pizza.patrones.service.cifrado.CifradoManager - Cambiando el tipo de cifrado despues: class com.pizza.patrones.service.cifrado.CifrarBase64Impl
2024-11-13 22:37:13 [main] WARN  org.springframework.boot.autoconfigure.orm.jpa.JpaBaseConfiguration$JpaWebConfiguration - spring.jpa.open-in-view is enabled by default. Therefore, database queries may be performed during view rendering. Explicitly configure spring.jpa.open-in-view to disable this warning
2024-11-13 22:37:13 [main] INFO  org.apache.coyote.http11.Http11NioProtocol - Starting ProtocolHandler ["http-nio-8099"]
2024-11-13 22:37:13 [main] INFO  org.springframework.boot.web.embedded.tomcat.TomcatWebServer - Tomcat started on port 8099 (http) with context path '/'
2024-11-13 22:37:13 [main] INFO  com.pizza.patrones.PizzaPatronApplication - Started PizzaPatronApplication in 6.278 seconds (process running for 7.518)
2024-11-13 22:37:21 [SpringApplicationShutdownHook] INFO  org.springframework.orm.jpa.LocalContainerEntityManagerFactoryBean - Closing JPA EntityManagerFactory for persistence unit 'default'
2024-11-13 22:37:21 [SpringApplicationShutdownHook] INFO  com.zaxxer.hikari.HikariDataSource - HikariPool-1 - Shutdown initiated...
2024-11-13 22:37:21 [SpringApplicationShutdownHook] INFO  com.zaxxer.hikari.HikariDataSource - HikariPool-1 - Shutdown completed.
2024-11-13 23:46:37 [main] INFO  com.pizza.patrones.PizzaPatronApplication - Starting PizzaPatronApplication using Java 21 with PID 18656 (C:\Diplomado Microservicios NUR\Modulo 1 - Arquitectura de Software\Clase2_TrabajoPizza\pizza-patrones\target\classes started by Marco in C:\Diplomado Microservicios NUR\Modulo 1 - Arquitectura de Software\Clase2_TrabajoPizza\pizza-patrones)
2024-11-13 23:46:37 [main] INFO  com.pizza.patrones.PizzaPatronApplication - No active profile set, falling back to 1 default profile: "default"
2024-11-13 23:46:39 [main] INFO  org.springframework.data.repository.config.RepositoryConfigurationDelegate - Bootstrapping Spring Data JPA repositories in DEFAULT mode.
2024-11-13 23:46:39 [main] INFO  org.springframework.data.repository.config.RepositoryConfigurationDelegate - Finished Spring Data repository scanning in 166 ms. Found 1 JPA repository interface.
2024-11-13 23:46:40 [main] INFO  org.springframework.boot.web.embedded.tomcat.TomcatWebServer - Tomcat initialized with port 8099 (http)
2024-11-13 23:46:40 [main] INFO  org.apache.coyote.http11.Http11NioProtocol - Initializing ProtocolHandler ["http-nio-8099"]
2024-11-13 23:46:40 [main] INFO  org.apache.catalina.core.StandardService - Starting service [Tomcat]
2024-11-13 23:46:40 [main] INFO  org.apache.catalina.core.StandardEngine - Starting Servlet engine: [Apache Tomcat/10.1.30]
2024-11-13 23:46:40 [main] INFO  org.apache.catalina.core.ContainerBase.[Tomcat].[localhost].[/] - Initializing Spring embedded WebApplicationContext
2024-11-13 23:46:40 [main] INFO  org.springframework.boot.web.servlet.context.ServletWebServerApplicationContext - Root WebApplicationContext: initialization completed in 3300 ms
2024-11-13 23:46:41 [main] INFO  com.zaxxer.hikari.HikariDataSource - HikariPool-1 - Starting...
2024-11-13 23:46:41 [main] INFO  com.zaxxer.hikari.pool.HikariPool - HikariPool-1 - Added connection conn0: url=jdbc:h2:mem:solidlogindb user=ROOT
2024-11-13 23:46:41 [main] INFO  com.zaxxer.hikari.HikariDataSource - HikariPool-1 - Start completed.
2024-11-13 23:46:41 [main] INFO  org.springframework.boot.autoconfigure.h2.H2ConsoleAutoConfiguration - H2 console available at '/h2-console'. Database available at 'jdbc:h2:mem:solidlogindb'
2024-11-13 23:46:42 [main] INFO  org.hibernate.jpa.internal.util.LogHelper - HHH000204: Processing PersistenceUnitInfo [name: default]
2024-11-13 23:46:42 [main] INFO  org.hibernate.Version - HHH000412: Hibernate ORM core version 6.5.3.Final
2024-11-13 23:46:42 [main] INFO  org.hibernate.cache.internal.RegionFactoryInitiator - HHH000026: Second-level cache disabled
2024-11-13 23:46:43 [main] INFO  org.springframework.orm.jpa.persistenceunit.SpringPersistenceUnitInfo - No LoadTimeWeaver setup: ignoring JPA class transformer
2024-11-13 23:46:43 [main] WARN  org.hibernate.orm.deprecation - HHH90000025: H2Dialect does not need to be specified explicitly using 'hibernate.dialect' (remove the property setting and it will be selected by default)
2024-11-13 23:46:44 [main] INFO  org.hibernate.engine.transaction.jta.platform.internal.JtaPlatformInitiator - HHH000489: No JTA platform available (set 'hibernate.transaction.jta.platform' to enable JTA platform integration)
2024-11-13 23:46:44 [main] INFO  org.springframework.orm.jpa.LocalContainerEntityManagerFactoryBean - Initialized JPA EntityManagerFactory for persistence unit 'default'
2024-11-13 23:46:45 [main] INFO  org.springframework.data.jpa.repository.query.QueryEnhancerFactory - Hibernate is in classpath; If applicable, HQL parser will be used.
2024-11-13 23:46:46 [main] INFO  com.pizza.patrones.service.logger.LoggerManager - Cambiando el tipo de logger despues: class com.pizza.patrones.service.logger.LoogerLog4jImpl
2024-11-13 23:46:46 [main] INFO  com.pizza.patrones.service.cifrado.CifradoManager - Cambiando el tipo de cifrado antes: null
2024-11-13 23:46:46 [main] INFO  com.pizza.patrones.service.cifrado.CifradoManager - Cambiando el tipo de cifrado despues: class com.pizza.patrones.service.cifrado.CifrarBase64Impl
2024-11-13 23:46:46 [main] WARN  org.springframework.boot.web.servlet.context.AnnotationConfigServletWebServerApplicationContext - Exception encountered during context initialization - cancelling refresh attempt: org.springframework.beans.factory.UnsatisfiedDependencyException: Error creating bean with name 'loginControllerImpl': Unsatisfied dependency expressed through field 'loginService': Error creating bean with name 'loginService': Unsatisfied dependency expressed through field 'usuarioRepository': No qualifying bean of type 'com.pizza.patrones.repository.UsuarioRepository' available: expected at least 1 bean which qualifies as autowire candidate. Dependency annotations: {@org.springframework.beans.factory.annotation.Autowired(required=true)}
2024-11-13 23:46:46 [main] INFO  org.springframework.orm.jpa.LocalContainerEntityManagerFactoryBean - Closing JPA EntityManagerFactory for persistence unit 'default'
2024-11-13 23:46:46 [main] INFO  com.zaxxer.hikari.HikariDataSource - HikariPool-1 - Shutdown initiated...
2024-11-13 23:46:46 [main] INFO  com.zaxxer.hikari.HikariDataSource - HikariPool-1 - Shutdown completed.
2024-11-13 23:46:46 [main] INFO  org.apache.catalina.core.StandardService - Stopping service [Tomcat]
2024-11-13 23:46:46 [main] INFO  org.springframework.boot.autoconfigure.logging.ConditionEvaluationReportLogger - 

Error starting ApplicationContext. To display the condition evaluation report re-run your application with 'debug' enabled.
2024-11-13 23:46:46 [main] ERROR org.springframework.boot.diagnostics.LoggingFailureAnalysisReporter - 

***************************
APPLICATION FAILED TO START
***************************

Description:

Field usuarioRepository in com.pizza.patrones.service.LoginService required a bean of type 'com.pizza.patrones.repository.UsuarioRepository' that could not be found.

The injection point has the following annotations:
	- @org.springframework.beans.factory.annotation.Autowired(required=true)


Action:

Consider defining a bean of type 'com.pizza.patrones.repository.UsuarioRepository' in your configuration.

2024-11-13 23:51:31 [main] INFO  com.pizza.patrones.PizzaPatronApplication - Starting PizzaPatronApplication using Java 21 with PID 9020 (C:\Diplomado Microservicios NUR\Modulo 1 - Arquitectura de Software\Clase2_TrabajoPizza\pizza-patrones\target\classes started by Marco in C:\Diplomado Microservicios NUR\Modulo 1 - Arquitectura de Software\Clase2_TrabajoPizza\pizza-patrones)
2024-11-13 23:51:31 [main] INFO  com.pizza.patrones.PizzaPatronApplication - No active profile set, falling back to 1 default profile: "default"
2024-11-13 23:51:31 [main] INFO  org.springframework.data.repository.config.RepositoryConfigurationDelegate - Bootstrapping Spring Data JPA repositories in DEFAULT mode.
2024-11-13 23:51:32 [main] INFO  org.springframework.data.repository.config.RepositoryConfigurationDelegate - Finished Spring Data repository scanning in 31 ms. Found 0 JPA repository interfaces.
2024-11-13 23:51:32 [main] INFO  org.springframework.boot.web.embedded.tomcat.TomcatWebServer - Tomcat initialized with port 8099 (http)
2024-11-13 23:51:32 [main] INFO  org.apache.coyote.http11.Http11NioProtocol - Initializing ProtocolHandler ["http-nio-8099"]
2024-11-13 23:51:32 [main] INFO  org.apache.catalina.core.StandardService - Starting service [Tomcat]
2024-11-13 23:51:32 [main] INFO  org.apache.catalina.core.StandardEngine - Starting Servlet engine: [Apache Tomcat/10.1.30]
2024-11-13 23:51:32 [main] INFO  org.apache.catalina.core.ContainerBase.[Tomcat].[localhost].[/] - Initializing Spring embedded WebApplicationContext
2024-11-13 23:51:32 [main] INFO  org.springframework.boot.web.servlet.context.ServletWebServerApplicationContext - Root WebApplicationContext: initialization completed in 1643 ms
2024-11-13 23:51:32 [main] INFO  com.zaxxer.hikari.HikariDataSource - HikariPool-1 - Starting...
2024-11-13 23:51:33 [main] INFO  com.zaxxer.hikari.pool.HikariPool - HikariPool-1 - Added connection conn0: url=jdbc:h2:mem:solidlogindb user=ROOT
2024-11-13 23:51:33 [main] INFO  com.zaxxer.hikari.HikariDataSource - HikariPool-1 - Start completed.
2024-11-13 23:51:33 [main] INFO  org.springframework.boot.autoconfigure.h2.H2ConsoleAutoConfiguration - H2 console available at '/h2-console'. Database available at 'jdbc:h2:mem:solidlogindb'
2024-11-13 23:51:33 [main] INFO  org.hibernate.jpa.internal.util.LogHelper - HHH000204: Processing PersistenceUnitInfo [name: default]
2024-11-13 23:51:33 [main] INFO  org.hibernate.Version - HHH000412: Hibernate ORM core version 6.5.3.Final
2024-11-13 23:51:33 [main] INFO  org.hibernate.cache.internal.RegionFactoryInitiator - HHH000026: Second-level cache disabled
2024-11-13 23:51:33 [main] INFO  org.springframework.orm.jpa.persistenceunit.SpringPersistenceUnitInfo - No LoadTimeWeaver setup: ignoring JPA class transformer
2024-11-13 23:51:34 [main] WARN  org.hibernate.orm.deprecation - HHH90000025: H2Dialect does not need to be specified explicitly using 'hibernate.dialect' (remove the property setting and it will be selected by default)
2024-11-13 23:51:34 [main] INFO  org.hibernate.engine.transaction.jta.platform.internal.JtaPlatformInitiator - HHH000489: No JTA platform available (set 'hibernate.transaction.jta.platform' to enable JTA platform integration)
2024-11-13 23:51:35 [main] INFO  org.springframework.orm.jpa.LocalContainerEntityManagerFactoryBean - Initialized JPA EntityManagerFactory for persistence unit 'default'
2024-11-13 23:51:35 [main] INFO  com.pizza.patrones.service.logger.LoggerManager - Cambiando el tipo de logger despues: class com.pizza.patrones.service.logger.LoogerLog4jImpl
2024-11-13 23:51:35 [main] INFO  com.pizza.patrones.service.cifrado.CifradoManager - Cambiando el tipo de cifrado antes: null
2024-11-13 23:51:35 [main] INFO  com.pizza.patrones.service.cifrado.CifradoManager - Cambiando el tipo de cifrado despues: class com.pizza.patrones.service.cifrado.CifrarBase64Impl
2024-11-13 23:51:35 [main] WARN  org.springframework.boot.autoconfigure.orm.jpa.JpaBaseConfiguration$JpaWebConfiguration - spring.jpa.open-in-view is enabled by default. Therefore, database queries may be performed during view rendering. Explicitly configure spring.jpa.open-in-view to disable this warning
2024-11-13 23:51:35 [main] INFO  org.apache.coyote.http11.Http11NioProtocol - Starting ProtocolHandler ["http-nio-8099"]
2024-11-13 23:51:35 [main] INFO  org.springframework.boot.web.embedded.tomcat.TomcatWebServer - Tomcat started on port 8099 (http) with context path '/'
2024-11-13 23:51:35 [main] INFO  com.pizza.patrones.PizzaPatronApplication - Started PizzaPatronApplication in 5.1 seconds (process running for 6.397)
2024-11-13 23:51:40 [http-nio-8099-exec-2] INFO  org.apache.catalina.core.ContainerBase.[Tomcat].[localhost].[/] - Initializing Spring DispatcherServlet 'dispatcherServlet'
2024-11-13 23:51:40 [http-nio-8099-exec-2] INFO  org.springframework.web.servlet.DispatcherServlet - Initializing Servlet 'dispatcherServlet'
2024-11-13 23:51:40 [http-nio-8099-exec-2] INFO  org.springframework.web.servlet.DispatcherServlet - Completed initialization in 1 ms
2024-11-13 23:52:59 [SpringApplicationShutdownHook] INFO  org.springframework.orm.jpa.LocalContainerEntityManagerFactoryBean - Closing JPA EntityManagerFactory for persistence unit 'default'
2024-11-13 23:52:59 [SpringApplicationShutdownHook] INFO  com.zaxxer.hikari.HikariDataSource - HikariPool-1 - Shutdown initiated...
2024-11-13 23:52:59 [SpringApplicationShutdownHook] INFO  com.zaxxer.hikari.HikariDataSource - HikariPool-1 - Shutdown completed.
2024-11-13 23:53:03 [main] INFO  com.pizza.patrones.PizzaPatronApplication - Starting PizzaPatronApplication using Java 21 with PID 29324 (C:\Diplomado Microservicios NUR\Modulo 1 - Arquitectura de Software\Clase2_TrabajoPizza\pizza-patrones\target\classes started by Marco in C:\Diplomado Microservicios NUR\Modulo 1 - Arquitectura de Software\Clase2_TrabajoPizza\pizza-patrones)
2024-11-13 23:53:03 [main] INFO  com.pizza.patrones.PizzaPatronApplication - No active profile set, falling back to 1 default profile: "default"
2024-11-13 23:53:04 [main] INFO  org.springframework.data.repository.config.RepositoryConfigurationDelegate - Bootstrapping Spring Data JPA repositories in DEFAULT mode.
2024-11-13 23:53:04 [main] INFO  org.springframework.data.repository.config.RepositoryConfigurationDelegate - Finished Spring Data repository scanning in 26 ms. Found 0 JPA repository interfaces.
2024-11-13 23:53:04 [main] INFO  org.springframework.boot.web.embedded.tomcat.TomcatWebServer - Tomcat initialized with port 8099 (http)
2024-11-13 23:53:04 [main] INFO  org.apache.coyote.http11.Http11NioProtocol - Initializing ProtocolHandler ["http-nio-8099"]
2024-11-13 23:53:04 [main] INFO  org.apache.catalina.core.StandardService - Starting service [Tomcat]
2024-11-13 23:53:04 [main] INFO  org.apache.catalina.core.StandardEngine - Starting Servlet engine: [Apache Tomcat/10.1.30]
2024-11-13 23:53:05 [main] INFO  org.apache.catalina.core.ContainerBase.[Tomcat].[localhost].[/] - Initializing Spring embedded WebApplicationContext
2024-11-13 23:53:05 [main] INFO  org.springframework.boot.web.servlet.context.ServletWebServerApplicationContext - Root WebApplicationContext: initialization completed in 1607 ms
2024-11-13 23:53:05 [main] INFO  com.zaxxer.hikari.HikariDataSource - HikariPool-1 - Starting...
2024-11-13 23:53:05 [main] INFO  com.zaxxer.hikari.pool.HikariPool - HikariPool-1 - Added connection conn0: url=jdbc:h2:mem:solidlogindb user=ROOT
2024-11-13 23:53:05 [main] INFO  com.zaxxer.hikari.HikariDataSource - HikariPool-1 - Start completed.
2024-11-13 23:53:05 [main] INFO  org.springframework.boot.autoconfigure.h2.H2ConsoleAutoConfiguration - H2 console available at '/h2-console'. Database available at 'jdbc:h2:mem:solidlogindb'
2024-11-13 23:53:05 [main] INFO  org.hibernate.jpa.internal.util.LogHelper - HHH000204: Processing PersistenceUnitInfo [name: default]
2024-11-13 23:53:05 [main] INFO  org.hibernate.Version - HHH000412: Hibernate ORM core version 6.5.3.Final
2024-11-13 23:53:05 [main] INFO  org.hibernate.cache.internal.RegionFactoryInitiator - HHH000026: Second-level cache disabled
2024-11-13 23:53:06 [main] INFO  org.springframework.orm.jpa.persistenceunit.SpringPersistenceUnitInfo - No LoadTimeWeaver setup: ignoring JPA class transformer
2024-11-13 23:53:06 [main] WARN  org.hibernate.orm.deprecation - HHH90000025: H2Dialect does not need to be specified explicitly using 'hibernate.dialect' (remove the property setting and it will be selected by default)
2024-11-13 23:53:07 [main] INFO  org.hibernate.engine.transaction.jta.platform.internal.JtaPlatformInitiator - HHH000489: No JTA platform available (set 'hibernate.transaction.jta.platform' to enable JTA platform integration)
2024-11-13 23:53:07 [main] INFO  org.springframework.orm.jpa.LocalContainerEntityManagerFactoryBean - Initialized JPA EntityManagerFactory for persistence unit 'default'
2024-11-13 23:53:07 [main] INFO  com.pizza.patrones.service.logger.LoggerManager - Cambiando el tipo de logger despues: class com.pizza.patrones.service.logger.LoogerLog4jImpl
2024-11-13 23:53:07 [main] INFO  com.pizza.patrones.service.cifrado.CifradoManager - Cambiando el tipo de cifrado antes: null
2024-11-13 23:53:07 [main] INFO  com.pizza.patrones.service.cifrado.CifradoManager - Cambiando el tipo de cifrado despues: class com.pizza.patrones.service.cifrado.CifrarBase64Impl
2024-11-13 23:53:07 [main] WARN  org.springframework.boot.autoconfigure.orm.jpa.JpaBaseConfiguration$JpaWebConfiguration - spring.jpa.open-in-view is enabled by default. Therefore, database queries may be performed during view rendering. Explicitly configure spring.jpa.open-in-view to disable this warning
2024-11-13 23:53:08 [main] INFO  org.apache.coyote.http11.Http11NioProtocol - Starting ProtocolHandler ["http-nio-8099"]
2024-11-13 23:53:08 [main] INFO  org.springframework.boot.web.embedded.tomcat.TomcatWebServer - Tomcat started on port 8099 (http) with context path '/'
2024-11-13 23:53:08 [main] INFO  com.pizza.patrones.PizzaPatronApplication - Started PizzaPatronApplication in 5.388 seconds (process running for 6.674)
2024-11-13 23:53:12 [http-nio-8099-exec-1] INFO  org.apache.catalina.core.ContainerBase.[Tomcat].[localhost].[/] - Initializing Spring DispatcherServlet 'dispatcherServlet'
2024-11-13 23:53:12 [http-nio-8099-exec-1] INFO  org.springframework.web.servlet.DispatcherServlet - Initializing Servlet 'dispatcherServlet'
2024-11-13 23:53:12 [http-nio-8099-exec-1] INFO  org.springframework.web.servlet.DispatcherServlet - Completed initialization in 3 ms
2024-11-13 23:59:15 [SpringApplicationShutdownHook] INFO  org.springframework.orm.jpa.LocalContainerEntityManagerFactoryBean - Closing JPA EntityManagerFactory for persistence unit 'default'
2024-11-13 23:59:15 [SpringApplicationShutdownHook] INFO  com.zaxxer.hikari.HikariDataSource - HikariPool-1 - Shutdown initiated...
2024-11-13 23:59:15 [SpringApplicationShutdownHook] INFO  com.zaxxer.hikari.HikariDataSource - HikariPool-1 - Shutdown completed.
2024-11-13 23:59:20 [main] INFO  com.pizza.patrones.PizzaPatronApplication - Starting PizzaPatronApplication using Java 21 with PID 33404 (C:\Diplomado Microservicios NUR\Modulo 1 - Arquitectura de Software\Clase2_TrabajoPizza\pizza-patrones\target\classes started by Marco in C:\Diplomado Microservicios NUR\Modulo 1 - Arquitectura de Software\Clase2_TrabajoPizza\pizza-patrones)
2024-11-13 23:59:20 [main] INFO  com.pizza.patrones.PizzaPatronApplication - No active profile set, falling back to 1 default profile: "default"
2024-11-13 23:59:21 [main] INFO  org.springframework.data.repository.config.RepositoryConfigurationDelegate - Bootstrapping Spring Data JPA repositories in DEFAULT mode.
2024-11-13 23:59:21 [main] INFO  org.springframework.data.repository.config.RepositoryConfigurationDelegate - Finished Spring Data repository scanning in 29 ms. Found 0 JPA repository interfaces.
2024-11-13 23:59:22 [main] INFO  org.springframework.boot.web.embedded.tomcat.TomcatWebServer - Tomcat initialized with port 8099 (http)
2024-11-13 23:59:22 [main] INFO  org.apache.coyote.http11.Http11NioProtocol - Initializing ProtocolHandler ["http-nio-8099"]
2024-11-13 23:59:22 [main] INFO  org.apache.catalina.core.StandardService - Starting service [Tomcat]
2024-11-13 23:59:22 [main] INFO  org.apache.catalina.core.StandardEngine - Starting Servlet engine: [Apache Tomcat/10.1.30]
2024-11-13 23:59:22 [main] INFO  org.apache.catalina.core.ContainerBase.[Tomcat].[localhost].[/] - Initializing Spring embedded WebApplicationContext
2024-11-13 23:59:22 [main] INFO  org.springframework.boot.web.servlet.context.ServletWebServerApplicationContext - Root WebApplicationContext: initialization completed in 1739 ms
2024-11-13 23:59:22 [main] INFO  com.zaxxer.hikari.HikariDataSource - HikariPool-1 - Starting...
2024-11-13 23:59:23 [main] INFO  com.zaxxer.hikari.pool.HikariPool - HikariPool-1 - Added connection conn0: url=jdbc:h2:mem:solidlogindb user=ROOT
2024-11-13 23:59:23 [main] INFO  com.zaxxer.hikari.HikariDataSource - HikariPool-1 - Start completed.
2024-11-13 23:59:23 [main] INFO  org.springframework.boot.autoconfigure.h2.H2ConsoleAutoConfiguration - H2 console available at '/h2-console'. Database available at 'jdbc:h2:mem:solidlogindb'
2024-11-13 23:59:23 [main] INFO  org.hibernate.jpa.internal.util.LogHelper - HHH000204: Processing PersistenceUnitInfo [name: default]
2024-11-13 23:59:23 [main] INFO  org.hibernate.Version - HHH000412: Hibernate ORM core version 6.5.3.Final
2024-11-13 23:59:23 [main] INFO  org.hibernate.cache.internal.RegionFactoryInitiator - HHH000026: Second-level cache disabled
2024-11-13 23:59:24 [main] INFO  org.springframework.orm.jpa.persistenceunit.SpringPersistenceUnitInfo - No LoadTimeWeaver setup: ignoring JPA class transformer
2024-11-13 23:59:24 [main] WARN  org.hibernate.orm.deprecation - HHH90000025: H2Dialect does not need to be specified explicitly using 'hibernate.dialect' (remove the property setting and it will be selected by default)
2024-11-13 23:59:25 [main] INFO  org.hibernate.engine.transaction.jta.platform.internal.JtaPlatformInitiator - HHH000489: No JTA platform available (set 'hibernate.transaction.jta.platform' to enable JTA platform integration)
2024-11-13 23:59:25 [main] INFO  org.springframework.orm.jpa.LocalContainerEntityManagerFactoryBean - Initialized JPA EntityManagerFactory for persistence unit 'default'
2024-11-13 23:59:25 [main] INFO  com.pizza.patrones.service.logger.LoggerManager - Cambiando el tipo de logger despues: class com.pizza.patrones.service.logger.LoogerLog4jImpl
2024-11-13 23:59:25 [main] INFO  com.pizza.patrones.service.cifrado.CifradoManager - Cambiando el tipo de cifrado antes: null
2024-11-13 23:59:25 [main] INFO  com.pizza.patrones.service.cifrado.CifradoManager - Cambiando el tipo de cifrado despues: class com.pizza.patrones.service.cifrado.CifrarBase64Impl
2024-11-13 23:59:25 [main] WARN  org.springframework.boot.autoconfigure.orm.jpa.JpaBaseConfiguration$JpaWebConfiguration - spring.jpa.open-in-view is enabled by default. Therefore, database queries may be performed during view rendering. Explicitly configure spring.jpa.open-in-view to disable this warning
2024-11-13 23:59:26 [main] INFO  org.apache.coyote.http11.Http11NioProtocol - Starting ProtocolHandler ["http-nio-8099"]
2024-11-13 23:59:26 [main] INFO  org.springframework.boot.web.embedded.tomcat.TomcatWebServer - Tomcat started on port 8099 (http) with context path '/'
2024-11-13 23:59:26 [main] INFO  com.pizza.patrones.PizzaPatronApplication - Started PizzaPatronApplication in 5.732 seconds (process running for 7.129)
2024-11-13 23:59:31 [http-nio-8099-exec-1] INFO  org.apache.catalina.core.ContainerBase.[Tomcat].[localhost].[/] - Initializing Spring DispatcherServlet 'dispatcherServlet'
2024-11-13 23:59:31 [http-nio-8099-exec-1] INFO  org.springframework.web.servlet.DispatcherServlet - Initializing Servlet 'dispatcherServlet'
2024-11-13 23:59:31 [http-nio-8099-exec-1] INFO  org.springframework.web.servlet.DispatcherServlet - Completed initialization in 1 ms
